[0.022s] Invoking command in '/home/ibrahim/lio_sam_ws/src/build/lio_sam': CMAKE_PREFIX_PATH=${CMAKE_PREFIX_PATH}:/opt/ros/jazzy DEBUGINFOD_URLS=https://debuginfod.ubuntu.com /usr/bin/cmake --build /home/ibrahim/lio_sam_ws/src/build/lio_sam -- -j4 -l4
[0.071s] -- Found ament_cmake: 2.5.4 (/opt/ros/jazzy/share/ament_cmake/cmake)
[0.112s] -- Found Python3: /usr/bin/python3 (found version "3.12.3") found components: Interpreter 
[0.215s] -- Override CMake install command with custom implementation using symlinks instead of copying resources
[0.227s] -- Found rosidl_default_generators: 1.6.0 (/opt/ros/jazzy/share/rosidl_default_generators/cmake)
[0.231s] -- Using all available rosidl_typesupport_c: rosidl_typesupport_fastrtps_c;rosidl_typesupport_introspection_c
[0.282s] -- Using all available rosidl_typesupport_cpp: rosidl_typesupport_fastrtps_cpp;rosidl_typesupport_introspection_cpp
[0.324s] -- Found rosidl_adapter: 4.6.5 (/opt/ros/jazzy/share/rosidl_adapter/cmake)
[0.326s] -- Found rclcpp: 28.1.10 (/opt/ros/jazzy/share/rclcpp/cmake)
[0.417s] -- Found rmw_implementation_cmake: 7.3.2 (/opt/ros/jazzy/share/rmw_implementation_cmake/cmake)
[0.419s] -- Found rmw_fastrtps_cpp: 8.4.2 (/opt/ros/jazzy/share/rmw_fastrtps_cpp/cmake)
[0.526s] -- Using RMW implementation 'rmw_fastrtps_cpp' as default
[0.617s] -- Found rclpy: 7.1.4 (/opt/ros/jazzy/share/rclpy/cmake)
[0.617s] -- Found cv_bridge: 4.1.0 (/opt/ros/jazzy/share/cv_bridge/cmake)
[0.715s] -- Found nav_msgs: 5.3.6 (/opt/ros/jazzy/share/nav_msgs/cmake)
[0.751s] -- Found visualization_msgs: 5.3.6 (/opt/ros/jazzy/share/visualization_msgs/cmake)
[0.790s] -- Found pcl_conversions: 2.6.2 (/opt/ros/jazzy/share/pcl_conversions/cmake)
[0.868s] [33mCMake Warning (dev) at /usr/lib/x86_64-linux-gnu/cmake/pcl/Modules/FindFLANN.cmake:45 (find_package):
[0.868s]   Policy CMP0144 is not set: find_package uses upper-case <PACKAGENAME>_ROOT
[0.869s]   variables.  Run "cmake --help-policy CMP0144" for policy details.  Use the
[0.869s]   cmake_policy command to set the policy and suppress this warning.
[0.869s] 
[0.870s]   CMake variable FLANN_ROOT is set to:
[0.870s] 
[0.870s]     /usr
[0.870s] 
[0.870s]   For compatibility, find_package is ignoring the variable, but code in a
[0.871s]   .cmake module might still use it.
[0.871s] Call Stack (most recent call first):
[0.871s]   /usr/lib/x86_64-linux-gnu/cmake/pcl/PCLConfig.cmake:261 (find_package)
[0.871s]   /usr/lib/x86_64-linux-gnu/cmake/pcl/PCLConfig.cmake:306 (find_flann)
[0.871s]   /usr/lib/x86_64-linux-gnu/cmake/pcl/PCLConfig.cmake:570 (find_external_library)
[0.872s]   /opt/ros/jazzy/share/pcl_conversions/cmake/ament_cmake_export_dependencies-extras.cmake:21 (find_package)
[0.872s]   /opt/ros/jazzy/share/pcl_conversions/cmake/pcl_conversionsConfig.cmake:41 (include)
[0.872s]   CMakeLists.txt:20 (find_package)
[0.872s] This warning is for project developers.  Use -Wno-dev to suppress it.
[0.873s] [0m
[0.873s] -- Found flann version 1.9.2
[0.873s] -- Found OpenMP: TRUE (found version "4.5") found components: CXX 
[1.594s] -- OpenNI found (version: 1.5.4.0, include: /usr/include/ni, lib: /usr/lib/libOpenNI.so;libusb::libusb)
[1.608s] -- OpenNI2 found (version: 2.2.0.33, include: /usr/include/openni2, lib: /usr/lib/x86_64-linux-gnu/libOpenNI2.so;libusb::libusb)
[1.613s] -- Could NOT find Pcap (missing: PCAP_LIBRARIES PCAP_INCLUDE_DIRS) 
[2.362s] -- OpenNI found (version: 1.5.4.0, include: /usr/include/ni, lib: /usr/lib/libOpenNI.so;libusb::libusb)
[2.374s] -- OpenNI2 found (version: 2.2.0.33, include: /usr/include/openni2, lib: /usr/lib/x86_64-linux-gnu/libOpenNI2.so;libusb::libusb)
[3.092s] -- Found Qhull version 8.0.2
[3.760s] -- OpenNI found (version: 1.5.4.0, include: /usr/include/ni, lib: /usr/lib/libOpenNI.so;libusb::libusb)
[4.423s] -- Found tf2: 0.36.12 (/opt/ros/jazzy/share/tf2/cmake)
[4.428s] -- Found tf2_geometry_msgs: 0.36.12 (/opt/ros/jazzy/share/tf2_geometry_msgs/cmake)
[4.433s] -- Found eigen3_cmake_module: 0.3.0 (/opt/ros/jazzy/share/eigen3_cmake_module/cmake)
[4.436s] -- Ensuring Eigen3 include directory is part of orocos-kdl CMake target
[4.585s] -- Found tf2_sensor_msgs: 0.36.12 (/opt/ros/jazzy/share/tf2_sensor_msgs/cmake)
[4.591s] -- Found tf2_eigen: 0.36.12 (/opt/ros/jazzy/share/tf2_eigen/cmake)
[4.601s] [33mCMake Warning (dev) at CMakeLists.txt:29 (find_package):
[4.601s]   Policy CMP0074 is not set: find_package uses <PackageName>_ROOT variables.
[4.601s]   Run "cmake --help-policy CMP0074" for policy details.  Use the cmake_policy
[4.602s]   command to set the policy and suppress this warning.
[4.602s] 
[4.602s]   CMake variable PCL_ROOT is set to:
[4.602s] 
[4.603s]     /usr
[4.603s] 
[4.603s]   For compatibility, CMake is ignoring the variable.
[4.603s] This warning is for project developers.  Use -Wno-dev to suppress it.
[4.603s] [0m
[4.639s] -- GTSAM include directory:  /usr/local/lib/cmake/GTSAM/../../../include
[4.644s] -- Found OpenMP: TRUE (found version "4.5")  
[5.175s] -- Found ament_cmake_ros: 0.12.0 (/opt/ros/jazzy/share/ament_cmake_ros/cmake)
[5.524s] -- Using all available rosidl_typesupport_c: rosidl_typesupport_fastrtps_c;rosidl_typesupport_introspection_c
[5.985s] -- Using all available rosidl_typesupport_cpp: rosidl_typesupport_fastrtps_cpp;rosidl_typesupport_introspection_cpp
[5.987s] -- Found python_cmake_module: 0.11.1 (/opt/ros/jazzy/share/python_cmake_module/cmake)
[6.398s] -- Found Python3: /usr/bin/python3 (found version "3.12.3") found components: Interpreter Development NumPy Development.Module Development.Embed 
[6.715s] -- Found ament_lint_auto: 0.17.2 (/opt/ros/jazzy/share/ament_lint_auto/cmake)
[6.731s] -- Added test 'copyright' to check source files copyright and LICENSE
[6.738s] -- Added test 'cppcheck' to perform static code analysis on C / C++ code
[6.742s] -- Configured cppcheck include dirs: /home/ibrahim/lio_sam_ws/src/LIO-SAM/include/lio_sam
[6.742s] -- Configured cppcheck exclude dirs and/or files: 
[6.748s] -- Added test 'cpplint' to check C / C++ code against the Google style
[6.749s] -- Configured cpplint exclude dirs and/or files: 
[6.750s] -- Added test 'flake8' to check Python code syntax and style conventions
[6.750s] -- Configured 'flake8' exclude dirs and/or files: 
[6.752s] -- Added test 'lint_cmake' to check CMake code style
[6.753s] -- Added test 'pep257' to check Python code against some of the docstring style conventions in PEP 257
[6.759s] -- Added test 'uncrustify' to check C / C++ code style
[6.760s] -- Configured uncrustify additional arguments: 
[6.761s] -- Added test 'xmllint' to check XML markup files
[6.764s] -- Configuring done (6.7s)
[7.062s] -- Generating done (0.2s)
[7.108s] -- Build files have been written to: /home/ibrahim/lio_sam_ws/src/build/lio_sam
[7.206s] [  1%] Built target lio_sam__rosidl_generator_type_description
[7.228s] [  1%] Built target ament_cmake_python_symlink_lio_sam
[7.248s] [  3%] Built target lio_sam__cpp
[7.255s] [ 19%] Built target lio_sam__rosidl_generator_c
[7.308s] [ 26%] Built target lio_sam__rosidl_typesupport_fastrtps_c
[7.309s] [ 34%] Built target lio_sam__rosidl_typesupport_cpp
[7.358s] [ 42%] Built target lio_sam__rosidl_typesupport_c
[7.361s] [ 50%] Built target lio_sam__rosidl_typesupport_introspection_c
[7.416s] [ 57%] Built target lio_sam__rosidl_typesupport_fastrtps_cpp
[7.419s] [ 65%] Built target lio_sam__rosidl_typesupport_introspection_cpp
[7.466s] [ 67%] [32mBuilding CXX object CMakeFiles/lio_sam_featureExtraction.dir/src/featureExtraction.cpp.o[0m
[7.468s] [ 69%] [32mBuilding CXX object CMakeFiles/lio_sam_imageProjection.dir/src/imageProjection.cpp.o[0m
[7.624s] running egg_info
[7.671s] writing lio_sam.egg-info/PKG-INFO
[7.674s] writing dependency_links to lio_sam.egg-info/dependency_links.txt
[7.674s] writing top-level names to lio_sam.egg-info/top_level.txt
[7.805s] reading manifest file 'lio_sam.egg-info/SOURCES.txt'
[7.806s] writing manifest file 'lio_sam.egg-info/SOURCES.txt'
[7.867s] [ 69%] Built target ament_cmake_python_build_lio_sam_egg
[7.916s] [ 71%] [32mBuilding CXX object CMakeFiles/lio_sam_imuPreintegration.dir/src/imuPreintegration.cpp.o[0m
[14.393s] In file included from [01m[K/home/ibrahim/lio_sam_ws/src/LIO-SAM/src/imuPreintegration.cpp:17[m[K:
[14.393s] [01m[K/usr/local/include/gtsam_unstable/nonlinear/IncrementalFixedLagSmoother.h:17:2:[m[K [01;35m[Kwarning: [m[K#warning "IncrementalFixedLagSmoother was moved to the gtsam/nonlinear directory" [[01;35m[K]8;;https://gcc.gnu.org/onlinedocs/gcc/Warning-Options.html#index-Wcpp-Wcpp]8;;[m[K]
[14.393s]    17 | #[01;35m[Kwarning[m[K "IncrementalFixedLagSmoother was moved to the gtsam/nonlinear directory"
[14.393s]       |  [01;35m[K^~~~~~~[m[K
[33.739s] [01m[K/home/ibrahim/lio_sam_ws/src/LIO-SAM/src/imuPreintegration.cpp:[m[K In constructor ‘[01m[KIMUPreintegration::[01;32m[KIMUPreintegration[m[K(const rclcpp::NodeOptions&)[m[K’:
[33.739s] [01m[K/home/ibrahim/lio_sam_ws/src/LIO-SAM/src/imuPreintegration.cpp:248:100:[m[K [01;31m[Kerror: [m[Kconversion from ‘[01m[Kstd::shared_ptr<gtsam::PreintegrationParams>[m[K’ to non-scalar type ‘[01m[Kboost::shared_ptr<gtsam::PreintegrationParams>[m[K’ requested
[33.740s]   248 |         boost::shared_ptr<gtsam::PreintegrationParams> p = [01;31m[Kgtsam::PreintegrationParams::MakeSharedU(imuGravity)[m[K;
[33.740s]       |                                                            [01;31m[K~~~~~~~~~~~~~~~~~~~~~~~~~~~~~~~~~~~~~~~~^~~~~~~~~~~~[m[K
[33.766s] [01m[K/home/ibrahim/lio_sam_ws/src/LIO-SAM/src/imuPreintegration.cpp:261:86:[m[K [01;31m[Kerror: [m[Kno matching function for call to ‘[01m[Kgtsam::PreintegratedImuMeasurementsT<gtsam::TangentPreintegration>::PreintegratedImuMeasurementsT(boost::shared_ptr<gtsam::PreintegrationParams>&, gtsam::imuBias::ConstantBias&)[m[K’
[33.766s]   261 |         imuIntegratorImu_ = new gtsam::PreintegratedImuMeasurements(p, prior_imu_bias[01;31m[K)[m[K; // setting up the IMU integration for IMU message thread
[33.767s]       |                                                                                      [01;31m[K^[m[K
[33.767s] In file included from [01m[K/home/ibrahim/lio_sam_ws/src/LIO-SAM/src/imuPreintegration.cpp:8[m[K:
[33.767s] [01m[K/usr/local/include/gtsam/navigation/ImuFactor.h:105:3:[m[K [01;36m[Knote: [m[Kcandidate: ‘[01m[Kgtsam::PreintegratedImuMeasurementsT<PreintegrationType>::[01;32m[KPreintegratedImuMeasurementsT[m[K(const PreintegrationType&, const gtsam::Matrix9&) [35m[K[with PreintegrationType = gtsam::TangentPreintegration; gtsam::Matrix9 = Eigen::Matrix<double, 9, 9, 0, 9, 9>][m[K[m[K’
[33.767s]   105 |   [01;36m[KPreintegratedImuMeasurementsT[m[K(const PreintegrationType& base, const Matrix9& preintMeasCov)
[33.768s]       |   [01;36m[K^~~~~~~~~~~~~~~~~~~~~~~~~~~~~[m[K
[33.768s] [01m[K/usr/local/include/gtsam/navigation/ImuFactor.h:105:59:[m[K [01;36m[Knote: [m[K  no known conversion for argument 1 from ‘[01m[Kboost::shared_ptr<gtsam::PreintegrationParams>[m[K’ to ‘[01m[Kconst gtsam::TangentPreintegration&[m[K’
[33.768s]   105 |   PreintegratedImuMeasurementsT([01;36m[Kconst PreintegrationType& base[m[K, const Matrix9& preintMeasCov)
[33.768s]       |                                 [01;36m[K~~~~~~~~~~~~~~~~~~~~~~~~~~^~~~[m[K
[33.769s] [01m[K/usr/local/include/gtsam/navigation/ImuFactor.h:94:3:[m[K [01;36m[Knote: [m[Kcandidate: ‘[01m[Kgtsam::PreintegratedImuMeasurementsT<PreintegrationType>::[01;32m[KPreintegratedImuMeasurementsT[m[K(const std::shared_ptr<gtsam::PreintegrationParams>&, const gtsam::imuBias::ConstantBias&) [35m[K[with PreintegrationType = gtsam::TangentPreintegration][m[K[m[K’
[33.769s]    94 |   [01;36m[KPreintegratedImuMeasurementsT[m[K(const std::shared_ptr<PreintegrationParams>& p,
[33.769s]       |   [01;36m[K^~~~~~~~~~~~~~~~~~~~~~~~~~~~~[m[K
[33.769s] [01m[K/usr/local/include/gtsam/navigation/ImuFactor.h:94:78:[m[K [01;36m[Knote: [m[K  no known conversion for argument 1 from ‘[01m[Kboost::shared_ptr<gtsam::PreintegrationParams>[m[K’ to ‘[01m[Kconst std::shared_ptr<gtsam::PreintegrationParams>&[m[K’
[33.769s]    94 |   PreintegratedImuMeasurementsT([01;36m[Kconst std::shared_ptr<PreintegrationParams>& p[m[K,
[33.770s]       |                                 [01;36m[K~~~~~~~~~~~~~~~~~~~~~~~~~~~~~~~~~~~~~~~~~~~~~^[m[K
[33.770s] [01m[K/usr/local/include/gtsam/navigation/ImuFactor.h:85:3:[m[K [01;36m[Knote: [m[Kcandidate: ‘[01m[Kgtsam::PreintegratedImuMeasurementsT<PreintegrationType>::[01;32m[KPreintegratedImuMeasurementsT[m[K() [35m[K[with PreintegrationType = gtsam::TangentPreintegration][m[K[m[K’
[33.770s]    85 |   [01;36m[KPreintegratedImuMeasurementsT[m[K() {
[33.770s]       |   [01;36m[K^~~~~~~~~~~~~~~~~~~~~~~~~~~~~[m[K
[33.771s] [01m[K/usr/local/include/gtsam/navigation/ImuFactor.h:85:3:[m[K [01;36m[Knote: [m[K  candidate expects 0 arguments, 2 provided
[33.771s] [01m[K/usr/local/include/gtsam/navigation/ImuFactor.h:72:20:[m[K [01;36m[Knote: [m[Kcandidate: ‘[01m[Kgtsam::PreintegratedImuMeasurementsT<gtsam::TangentPreintegration>::[01;32m[KPreintegratedImuMeasurementsT[m[K(const gtsam::PreintegratedImuMeasurementsT<gtsam::TangentPreintegration>&)[m[K’
[33.771s]    72 | class GTSAM_EXPORT [01;36m[KPreintegratedImuMeasurementsT[m[K: public PreintegrationType {
[33.771s]       |                    [01;36m[K^~~~~~~~~~~~~~~~~~~~~~~~~~~~~[m[K
[33.771s] [01m[K/usr/local/include/gtsam/navigation/ImuFactor.h:72:20:[m[K [01;36m[Knote: [m[K  candidate expects 1 argument, 2 provided
[33.771s] [01m[K/home/ibrahim/lio_sam_ws/src/LIO-SAM/src/imuPreintegration.cpp:262:86:[m[K [01;31m[Kerror: [m[Kno matching function for call to ‘[01m[Kgtsam::PreintegratedImuMeasurementsT<gtsam::TangentPreintegration>::PreintegratedImuMeasurementsT(boost::shared_ptr<gtsam::PreintegrationParams>&, gtsam::imuBias::ConstantBias&)[m[K’
[33.772s]   262 |         imuIntegratorOpt_ = new gtsam::PreintegratedImuMeasurements(p, prior_imu_bias[01;31m[K)[m[K; // setting up the IMU integration for optimization
[33.772s]       |                                                                                      [01;31m[K^[m[K
[33.772s] [01m[K/usr/local/include/gtsam/navigation/ImuFactor.h:105:3:[m[K [01;36m[Knote: [m[Kcandidate: ‘[01m[Kgtsam::PreintegratedImuMeasurementsT<PreintegrationType>::[01;32m[KPreintegratedImuMeasurementsT[m[K(const PreintegrationType&, const gtsam::Matrix9&) [35m[K[with PreintegrationType = gtsam::TangentPreintegration; gtsam::Matrix9 = Eigen::Matrix<double, 9, 9, 0, 9, 9>][m[K[m[K’
[33.772s]   105 |   [01;36m[KPreintegratedImuMeasurementsT[m[K(const PreintegrationType& base, const Matrix9& preintMeasCov)
[33.772s]       |   [01;36m[K^~~~~~~~~~~~~~~~~~~~~~~~~~~~~[m[K
[33.773s] [01m[K/usr/local/include/gtsam/navigation/ImuFactor.h:105:59:[m[K [01;36m[Knote: [m[K  no known conversion for argument 1 from ‘[01m[Kboost::shared_ptr<gtsam::PreintegrationParams>[m[K’ to ‘[01m[Kconst gtsam::TangentPreintegration&[m[K’
[33.773s]   105 |   PreintegratedImuMeasurementsT([01;36m[Kconst PreintegrationType& base[m[K, const Matrix9& preintMeasCov)
[33.773s]       |                                 [01;36m[K~~~~~~~~~~~~~~~~~~~~~~~~~~^~~~[m[K
[33.773s] [01m[K/usr/local/include/gtsam/navigation/ImuFactor.h:94:3:[m[K [01;36m[Knote: [m[Kcandidate: ‘[01m[Kgtsam::PreintegratedImuMeasurementsT<PreintegrationType>::[01;32m[KPreintegratedImuMeasurementsT[m[K(const std::shared_ptr<gtsam::PreintegrationParams>&, const gtsam::imuBias::ConstantBias&) [35m[K[with PreintegrationType = gtsam::TangentPreintegration][m[K[m[K’
[33.773s]    94 |   [01;36m[KPreintegratedImuMeasurementsT[m[K(const std::shared_ptr<PreintegrationParams>& p,
[33.774s]       |   [01;36m[K^~~~~~~~~~~~~~~~~~~~~~~~~~~~~[m[K
[33.774s] [01m[K/usr/local/include/gtsam/navigation/ImuFactor.h:94:78:[m[K [01;36m[Knote: [m[K  no known conversion for argument 1 from ‘[01m[Kboost::shared_ptr<gtsam::PreintegrationParams>[m[K’ to ‘[01m[Kconst std::shared_ptr<gtsam::PreintegrationParams>&[m[K’
[33.774s]    94 |   PreintegratedImuMeasurementsT([01;36m[Kconst std::shared_ptr<PreintegrationParams>& p[m[K,
[33.774s]       |                                 [01;36m[K~~~~~~~~~~~~~~~~~~~~~~~~~~~~~~~~~~~~~~~~~~~~~^[m[K
[33.774s] [01m[K/usr/local/include/gtsam/navigation/ImuFactor.h:85:3:[m[K [01;36m[Knote: [m[Kcandidate: ‘[01m[Kgtsam::PreintegratedImuMeasurementsT<PreintegrationType>::[01;32m[KPreintegratedImuMeasurementsT[m[K() [35m[K[with PreintegrationType = gtsam::TangentPreintegration][m[K[m[K’
[33.775s]    85 |   [01;36m[KPreintegratedImuMeasurementsT[m[K() {
[33.775s]       |   [01;36m[K^~~~~~~~~~~~~~~~~~~~~~~~~~~~~[m[K
[33.775s] [01m[K/usr/local/include/gtsam/navigation/ImuFactor.h:85:3:[m[K [01;36m[Knote: [m[K  candidate expects 0 arguments, 2 provided
[33.775s] [01m[K/usr/local/include/gtsam/navigation/ImuFactor.h:72:20:[m[K [01;36m[Knote: [m[Kcandidate: ‘[01m[Kgtsam::PreintegratedImuMeasurementsT<gtsam::TangentPreintegration>::[01;32m[KPreintegratedImuMeasurementsT[m[K(const gtsam::PreintegratedImuMeasurementsT<gtsam::TangentPreintegration>&)[m[K’
[33.775s]    72 | class GTSAM_EXPORT [01;36m[KPreintegratedImuMeasurementsT[m[K: public PreintegrationType {
[33.776s]       |                    [01;36m[K^~~~~~~~~~~~~~~~~~~~~~~~~~~~~[m[K
[33.776s] [01m[K/usr/local/include/gtsam/navigation/ImuFactor.h:72:20:[m[K [01;36m[Knote: [m[K  candidate expects 1 argument, 2 provided
[51.976s] gmake[2]: *** [CMakeFiles/lio_sam_imuPreintegration.dir/build.make:76: CMakeFiles/lio_sam_imuPreintegration.dir/src/imuPreintegration.cpp.o] Error 1
[51.976s] gmake[1]: *** [CMakeFiles/Makefile2:687: CMakeFiles/lio_sam_imuPreintegration.dir/all] Error 2
[51.976s] gmake[1]: *** Waiting for unfinished jobs....
[58.336s] [ 73%] [32m[1mLinking CXX executable lio_sam_featureExtraction[0m
[59.333s] [ 75%] [32m[1mLinking CXX executable lio_sam_imageProjection[0m
[64.028s] [ 75%] Built target lio_sam_featureExtraction
[64.077s] [ 75%] Built target lio_sam_imageProjection
[64.080s] gmake: *** [Makefile:146: all] Error 2
[64.084s] Invoked command in '/home/ibrahim/lio_sam_ws/src/build/lio_sam' returned '2': CMAKE_PREFIX_PATH=${CMAKE_PREFIX_PATH}:/opt/ros/jazzy DEBUGINFOD_URLS=https://debuginfod.ubuntu.com /usr/bin/cmake --build /home/ibrahim/lio_sam_ws/src/build/lio_sam -- -j4 -l4
