[0.135s] DEBUG:colcon:Command line arguments: ['/usr/bin/colcon', 'build', '--symlink-install', '--cmake-args', '-DCMAKE_BUILD_TYPE=Release']
[0.135s] DEBUG:colcon:Parsed command line arguments: Namespace(log_base=None, log_level=None, verb_name='build', build_base='build', install_base='install', merge_install=False, symlink_install=True, test_result_base=None, continue_on_error=False, executor='parallel', parallel_workers=4, event_handlers=None, ignore_user_meta=False, metas=['./colcon.meta'], base_paths=['.'], packages_ignore=None, packages_ignore_regex=None, paths=None, packages_up_to=None, packages_up_to_regex=None, packages_above=None, packages_above_and_dependencies=None, packages_above_depth=None, packages_select_by_dep=None, packages_skip_by_dep=None, packages_skip_up_to=None, packages_select_build_failed=False, packages_skip_build_finished=False, packages_select_test_failures=False, packages_skip_test_passed=False, packages_select=None, packages_skip=None, packages_select_regex=None, packages_skip_regex=None, packages_start=None, packages_end=None, cmake_args=['-DCMAKE_BUILD_TYPE=Release'], cmake_target=None, cmake_target_skip_unavailable=False, cmake_clean_cache=False, cmake_clean_first=False, cmake_force_configure=False, ament_cmake_args=None, catkin_cmake_args=None, catkin_skip_building_tests=False, verb_parser=<colcon_defaults.argument_parser.defaults.DefaultArgumentsDecorator object at 0x79ed4f709d30>, verb_extension=<colcon_core.verb.build.BuildVerb object at 0x79ed4f88b7d0>, main=<bound method BuildVerb.main of <colcon_core.verb.build.BuildVerb object at 0x79ed4f88b7d0>>)
[0.186s] Level 1:colcon.colcon_core.package_discovery:discover_packages(colcon_meta) check parameters
[0.186s] Level 1:colcon.colcon_core.package_discovery:discover_packages(recursive) check parameters
[0.186s] Level 1:colcon.colcon_core.package_discovery:discover_packages(ignore) check parameters
[0.186s] Level 1:colcon.colcon_core.package_discovery:discover_packages(path) check parameters
[0.186s] Level 1:colcon.colcon_core.package_discovery:discover_packages(colcon_meta) discover
[0.186s] Level 1:colcon.colcon_core.package_discovery:discover_packages(recursive) discover
[0.186s] INFO:colcon.colcon_core.package_discovery:Crawling recursively for packages in '/home/ibrahim/lio_sam_ws/src'
[0.187s] Level 1:colcon.colcon_core.package_identification:_identify(.) by extensions ['ignore', 'ignore_ament_install']
[0.187s] Level 1:colcon.colcon_core.package_identification:_identify(.) by extension 'ignore'
[0.187s] Level 1:colcon.colcon_core.package_identification:_identify(.) by extension 'ignore_ament_install'
[0.187s] Level 1:colcon.colcon_core.package_identification:_identify(.) by extensions ['colcon_pkg']
[0.187s] Level 1:colcon.colcon_core.package_identification:_identify(.) by extension 'colcon_pkg'
[0.187s] Level 1:colcon.colcon_core.package_identification:_identify(.) by extensions ['colcon_meta']
[0.187s] Level 1:colcon.colcon_core.package_identification:_identify(.) by extension 'colcon_meta'
[0.187s] Level 1:colcon.colcon_core.package_identification:_identify(.) by extensions ['ros']
[0.187s] Level 1:colcon.colcon_core.package_identification:_identify(.) by extension 'ros'
[0.219s] Level 1:colcon.colcon_core.package_identification:_identify(.) by extensions ['cmake', 'python']
[0.219s] Level 1:colcon.colcon_core.package_identification:_identify(.) by extension 'cmake'
[0.219s] Level 1:colcon.colcon_core.package_identification:_identify(.) by extension 'python'
[0.219s] Level 1:colcon.colcon_core.package_identification:_identify(.) by extensions ['python_setup_py']
[0.219s] Level 1:colcon.colcon_core.package_identification:_identify(.) by extension 'python_setup_py'
[0.219s] Level 1:colcon.colcon_core.package_identification:_identify(LIO-SAM) by extensions ['ignore', 'ignore_ament_install']
[0.220s] Level 1:colcon.colcon_core.package_identification:_identify(LIO-SAM) by extension 'ignore'
[0.220s] Level 1:colcon.colcon_core.package_identification:_identify(LIO-SAM) by extension 'ignore_ament_install'
[0.220s] Level 1:colcon.colcon_core.package_identification:_identify(LIO-SAM) by extensions ['colcon_pkg']
[0.220s] Level 1:colcon.colcon_core.package_identification:_identify(LIO-SAM) by extension 'colcon_pkg'
[0.220s] Level 1:colcon.colcon_core.package_identification:_identify(LIO-SAM) by extensions ['colcon_meta']
[0.220s] Level 1:colcon.colcon_core.package_identification:_identify(LIO-SAM) by extension 'colcon_meta'
[0.220s] Level 1:colcon.colcon_core.package_identification:_identify(LIO-SAM) by extensions ['ros']
[0.220s] Level 1:colcon.colcon_core.package_identification:_identify(LIO-SAM) by extension 'ros'
[0.224s] DEBUG:colcon.colcon_core.package_identification:Package 'LIO-SAM' with type 'ros.ament_cmake' and name 'lio_sam'
[0.224s] Level 1:colcon.colcon_core.package_identification:_identify(build) by extensions ['ignore', 'ignore_ament_install']
[0.224s] Level 1:colcon.colcon_core.package_identification:_identify(build) by extension 'ignore'
[0.224s] Level 1:colcon.colcon_core.package_identification:_identify(build) ignored
[0.225s] Level 1:colcon.colcon_core.package_identification:_identify(install) by extensions ['ignore', 'ignore_ament_install']
[0.225s] Level 1:colcon.colcon_core.package_identification:_identify(install) by extension 'ignore'
[0.225s] Level 1:colcon.colcon_core.package_identification:_identify(install) ignored
[0.225s] Level 1:colcon.colcon_core.package_identification:_identify(log) by extensions ['ignore', 'ignore_ament_install']
[0.225s] Level 1:colcon.colcon_core.package_identification:_identify(log) by extension 'ignore'
[0.225s] Level 1:colcon.colcon_core.package_identification:_identify(log) ignored
[0.225s] Level 1:colcon.colcon_core.package_discovery:discover_packages(recursive) using defaults
[0.225s] Level 1:colcon.colcon_core.package_discovery:discover_packages(ignore) discover
[0.225s] Level 1:colcon.colcon_core.package_discovery:discover_packages(ignore) using defaults
[0.225s] Level 1:colcon.colcon_core.package_discovery:discover_packages(path) discover
[0.225s] Level 1:colcon.colcon_core.package_discovery:discover_packages(path) using defaults
[0.246s] Level 5:colcon.colcon_core.verb:set package 'lio_sam' build argument 'cmake_args' from command line to '['-DCMAKE_BUILD_TYPE=Release']'
[0.246s] Level 5:colcon.colcon_core.verb:set package 'lio_sam' build argument 'cmake_target' from command line to 'None'
[0.246s] Level 5:colcon.colcon_core.verb:set package 'lio_sam' build argument 'cmake_target_skip_unavailable' from command line to 'False'
[0.246s] Level 5:colcon.colcon_core.verb:set package 'lio_sam' build argument 'cmake_clean_cache' from command line to 'False'
[0.246s] Level 5:colcon.colcon_core.verb:set package 'lio_sam' build argument 'cmake_clean_first' from command line to 'False'
[0.246s] Level 5:colcon.colcon_core.verb:set package 'lio_sam' build argument 'cmake_force_configure' from command line to 'False'
[0.247s] Level 5:colcon.colcon_core.verb:set package 'lio_sam' build argument 'ament_cmake_args' from command line to 'None'
[0.247s] Level 5:colcon.colcon_core.verb:set package 'lio_sam' build argument 'catkin_cmake_args' from command line to 'None'
[0.247s] Level 5:colcon.colcon_core.verb:set package 'lio_sam' build argument 'catkin_skip_building_tests' from command line to 'False'
[0.247s] DEBUG:colcon.colcon_core.verb:Building package 'lio_sam' with the following arguments: {'ament_cmake_args': None, 'build_base': '/home/ibrahim/lio_sam_ws/src/build/lio_sam', 'catkin_cmake_args': None, 'catkin_skip_building_tests': False, 'cmake_args': ['-DCMAKE_BUILD_TYPE=Release'], 'cmake_clean_cache': False, 'cmake_clean_first': False, 'cmake_force_configure': False, 'cmake_target': None, 'cmake_target_skip_unavailable': False, 'install_base': '/home/ibrahim/lio_sam_ws/src/install/lio_sam', 'merge_install': False, 'path': '/home/ibrahim/lio_sam_ws/src/LIO-SAM', 'symlink_install': True, 'test_result_base': None}
[0.247s] INFO:colcon.colcon_core.executor:Executing jobs using 'parallel' executor
[0.248s] DEBUG:colcon.colcon_parallel_executor.executor.parallel:run_until_complete
[0.248s] INFO:colcon.colcon_ros.task.ament_cmake.build:Building ROS package in '/home/ibrahim/lio_sam_ws/src/LIO-SAM' with build type 'ament_cmake'
[0.248s] INFO:colcon.colcon_cmake.task.cmake.build:Building CMake package in '/home/ibrahim/lio_sam_ws/src/LIO-SAM'
[0.251s] INFO:colcon.colcon_core.plugin_system:Skipping extension 'colcon_core.shell.bat': Not used on non-Windows systems
[0.251s] DEBUG:colcon.colcon_core.shell:Skip shell extension 'dsv' for command environment
[0.266s] DEBUG:colcon.colcon_core.event_handler.log_command:Invoking command in '/home/ibrahim/lio_sam_ws/src/build/lio_sam': CMAKE_PREFIX_PATH=${CMAKE_PREFIX_PATH}:/opt/ros/jazzy DEBUGINFOD_URLS=https://debuginfod.ubuntu.com /usr/bin/cmake /home/ibrahim/lio_sam_ws/src/LIO-SAM -DCMAKE_BUILD_TYPE=Release -DAMENT_CMAKE_SYMLINK_INSTALL=1 -DCMAKE_INSTALL_PREFIX=/home/ibrahim/lio_sam_ws/src/install/lio_sam
[16.636s] DEBUG:colcon.colcon_core.event_handler.log_command:Invoked command in '/home/ibrahim/lio_sam_ws/src/build/lio_sam' returned '1': CMAKE_PREFIX_PATH=${CMAKE_PREFIX_PATH}:/opt/ros/jazzy DEBUGINFOD_URLS=https://debuginfod.ubuntu.com /usr/bin/cmake /home/ibrahim/lio_sam_ws/src/LIO-SAM -DCMAKE_BUILD_TYPE=Release -DAMENT_CMAKE_SYMLINK_INSTALL=1 -DCMAKE_INSTALL_PREFIX=/home/ibrahim/lio_sam_ws/src/install/lio_sam
[16.662s] Level 1:colcon.colcon_core.environment:create_environment_scripts_only(lio_sam)
[16.665s] Level 1:colcon.colcon_core.environment:checking '/home/ibrahim/lio_sam_ws/src/install/lio_sam' for CMake module files
[16.665s] Level 1:colcon.colcon_core.environment:checking '/home/ibrahim/lio_sam_ws/src/install/lio_sam' for CMake config files
[16.666s] Level 1:colcon.colcon_core.environment:checking '/home/ibrahim/lio_sam_ws/src/install/lio_sam/bin'
[16.666s] Level 1:colcon.colcon_core.environment:checking '/home/ibrahim/lio_sam_ws/src/install/lio_sam/lib/pkgconfig/lio_sam.pc'
[16.668s] Level 1:colcon.colcon_core.environment:checking '/home/ibrahim/lio_sam_ws/src/install/lio_sam/lib/python3.12/site-packages'
[16.669s] Level 1:colcon.colcon_core.environment:checking '/home/ibrahim/lio_sam_ws/src/install/lio_sam/bin'
[16.669s] INFO:colcon.colcon_core.shell:Creating package descriptor '/home/ibrahim/lio_sam_ws/src/install/lio_sam/share/lio_sam/package.dsv'
[16.670s] INFO:colcon.colcon_core.shell:Creating package script '/home/ibrahim/lio_sam_ws/src/install/lio_sam/share/lio_sam/package.sh'
[16.670s] INFO:colcon.colcon_core.shell:Creating package script '/home/ibrahim/lio_sam_ws/src/install/lio_sam/share/lio_sam/package.bash'
[16.671s] INFO:colcon.colcon_core.shell:Creating package script '/home/ibrahim/lio_sam_ws/src/install/lio_sam/share/lio_sam/package.zsh'
[16.672s] Level 1:colcon.colcon_core.environment:create_file_with_runtime_dependencies(/home/ibrahim/lio_sam_ws/src/install/lio_sam/share/colcon-core/packages/lio_sam)
[16.682s] DEBUG:colcon.colcon_parallel_executor.executor.parallel:closing loop
[16.683s] DEBUG:colcon.colcon_parallel_executor.executor.parallel:loop closed
[16.683s] DEBUG:colcon.colcon_parallel_executor.executor.parallel:run_until_complete finished with '1'
[16.683s] DEBUG:colcon.colcon_core.event_reactor:joining thread
[16.689s] INFO:colcon.colcon_core.plugin_system:Skipping extension 'colcon_notification.desktop_notification.terminal_notifier': Not used on non-Darwin systems
[16.690s] INFO:colcon.colcon_core.plugin_system:Skipping extension 'colcon_notification.desktop_notification.win32': Not used on non-Windows systems
[16.690s] INFO:colcon.colcon_notification.desktop_notification:Sending desktop notification using 'notify2'
[16.717s] DEBUG:colcon.colcon_core.event_reactor:joined thread
[16.717s] INFO:colcon.colcon_core.shell:Creating prefix script '/home/ibrahim/lio_sam_ws/src/install/local_setup.sh'
[16.719s] INFO:colcon.colcon_core.shell:Creating prefix util module '/home/ibrahim/lio_sam_ws/src/install/_local_setup_util_sh.py'
[16.723s] INFO:colcon.colcon_core.shell:Creating prefix chain script '/home/ibrahim/lio_sam_ws/src/install/setup.sh'
[16.726s] INFO:colcon.colcon_core.shell:Creating prefix script '/home/ibrahim/lio_sam_ws/src/install/local_setup.bash'
[16.728s] INFO:colcon.colcon_core.shell:Creating prefix chain script '/home/ibrahim/lio_sam_ws/src/install/setup.bash'
[16.731s] INFO:colcon.colcon_core.shell:Creating prefix script '/home/ibrahim/lio_sam_ws/src/install/local_setup.zsh'
[16.732s] INFO:colcon.colcon_core.shell:Creating prefix chain script '/home/ibrahim/lio_sam_ws/src/install/setup.zsh'
