[0.017s] Invoking command in '/home/ibrahim/lio_sam_ws/src/build/lio_sam': CMAKE_PREFIX_PATH=${CMAKE_PREFIX_PATH}:/opt/ros/jazzy DEBUGINFOD_URLS=https://debuginfod.ubuntu.com /usr/bin/cmake /home/ibrahim/lio_sam_ws/src/LIO-SAM -DCMAKE_BUILD_TYPE=Release -DAMENT_CMAKE_SYMLINK_INSTALL=1 -DCMAKE_INSTALL_PREFIX=/home/ibrahim/lio_sam_ws/src/install/lio_sam
[0.042s] -- Found ament_cmake: 2.5.4 (/opt/ros/jazzy/share/ament_cmake/cmake)
[0.083s] -- Found Python3: /usr/bin/python3 (found version "3.12.3") found components: Interpreter 
[0.193s] -- Override CMake install command with custom implementation using symlinks instead of copying resources
[0.219s] -- Found rosidl_default_generators: 1.6.0 (/opt/ros/jazzy/share/rosidl_default_generators/cmake)
[0.227s] -- Using all available rosidl_typesupport_c: rosidl_typesupport_fastrtps_c;rosidl_typesupport_introspection_c
[0.287s] -- Using all available rosidl_typesupport_cpp: rosidl_typesupport_fastrtps_cpp;rosidl_typesupport_introspection_cpp
[0.331s] -- Found rosidl_adapter: 4.6.5 (/opt/ros/jazzy/share/rosidl_adapter/cmake)
[0.333s] -- Found rclcpp: 28.1.10 (/opt/ros/jazzy/share/rclcpp/cmake)
[0.431s] -- Found rmw_implementation_cmake: 7.3.2 (/opt/ros/jazzy/share/rmw_implementation_cmake/cmake)
[0.433s] -- Found rmw_fastrtps_cpp: 8.4.2 (/opt/ros/jazzy/share/rmw_fastrtps_cpp/cmake)
[0.543s] -- Using RMW implementation 'rmw_fastrtps_cpp' as default
[0.639s] -- Found rclpy: 7.1.4 (/opt/ros/jazzy/share/rclpy/cmake)
[0.639s] -- Found cv_bridge: 4.1.0 (/opt/ros/jazzy/share/cv_bridge/cmake)
[0.739s] -- Found nav_msgs: 5.3.6 (/opt/ros/jazzy/share/nav_msgs/cmake)
[0.774s] -- Found visualization_msgs: 5.3.6 (/opt/ros/jazzy/share/visualization_msgs/cmake)
[0.813s] -- Found pcl_conversions: 2.6.2 (/opt/ros/jazzy/share/pcl_conversions/cmake)
[0.885s] [33mCMake Warning (dev) at /usr/lib/x86_64-linux-gnu/cmake/pcl/Modules/FindFLANN.cmake:45 (find_package):
[0.885s]   Policy CMP0144 is not set: find_package uses upper-case <PACKAGENAME>_ROOT
[0.885s]   variables.  Run "cmake --help-policy CMP0144" for policy details.  Use the
[0.886s]   cmake_policy command to set the policy and suppress this warning.
[0.886s] 
[0.886s]   CMake variable FLANN_ROOT is set to:
[0.887s] 
[0.887s]     /usr
[0.887s] 
[0.887s]   For compatibility, find_package is ignoring the variable, but code in a
[0.888s]   .cmake module might still use it.
[0.888s] Call Stack (most recent call first):
[0.888s]   /usr/lib/x86_64-linux-gnu/cmake/pcl/PCLConfig.cmake:261 (find_package)
[0.889s]   /usr/lib/x86_64-linux-gnu/cmake/pcl/PCLConfig.cmake:306 (find_flann)
[0.889s]   /usr/lib/x86_64-linux-gnu/cmake/pcl/PCLConfig.cmake:570 (find_external_library)
[0.889s]   /opt/ros/jazzy/share/pcl_conversions/cmake/ament_cmake_export_dependencies-extras.cmake:21 (find_package)
[0.889s]   /opt/ros/jazzy/share/pcl_conversions/cmake/pcl_conversionsConfig.cmake:41 (include)
[0.890s]   CMakeLists.txt:20 (find_package)
[0.890s] This warning is for project developers.  Use -Wno-dev to suppress it.
[0.890s] [0m
[0.891s] -- Found flann version 1.9.2
[0.891s] -- Found OpenMP: TRUE (found version "4.5") found components: CXX 
[1.610s] -- OpenNI found (version: 1.5.4.0, include: /usr/include/ni, lib: /usr/lib/libOpenNI.so;libusb::libusb)
[1.620s] -- OpenNI2 found (version: 2.2.0.33, include: /usr/include/openni2, lib: /usr/lib/x86_64-linux-gnu/libOpenNI2.so;libusb::libusb)
[1.625s] -- Could NOT find Pcap (missing: PCAP_LIBRARIES PCAP_INCLUDE_DIRS) 
[2.334s] -- OpenNI found (version: 1.5.4.0, include: /usr/include/ni, lib: /usr/lib/libOpenNI.so;libusb::libusb)
[2.347s] -- OpenNI2 found (version: 2.2.0.33, include: /usr/include/openni2, lib: /usr/lib/x86_64-linux-gnu/libOpenNI2.so;libusb::libusb)
[3.071s] -- Found Qhull version 8.0.2
[3.773s] -- OpenNI found (version: 1.5.4.0, include: /usr/include/ni, lib: /usr/lib/libOpenNI.so;libusb::libusb)
[4.444s] -- Found tf2: 0.36.12 (/opt/ros/jazzy/share/tf2/cmake)
[4.449s] -- Found tf2_geometry_msgs: 0.36.12 (/opt/ros/jazzy/share/tf2_geometry_msgs/cmake)
[4.456s] -- Found eigen3_cmake_module: 0.3.0 (/opt/ros/jazzy/share/eigen3_cmake_module/cmake)
[4.458s] -- Ensuring Eigen3 include directory is part of orocos-kdl CMake target
[4.628s] -- Found tf2_sensor_msgs: 0.36.12 (/opt/ros/jazzy/share/tf2_sensor_msgs/cmake)
[4.634s] -- Found tf2_eigen: 0.36.12 (/opt/ros/jazzy/share/tf2_eigen/cmake)
[4.646s] [33mCMake Warning (dev) at CMakeLists.txt:29 (find_package):
[4.646s]   Policy CMP0074 is not set: find_package uses <PackageName>_ROOT variables.
[4.646s]   Run "cmake --help-policy CMP0074" for policy details.  Use the cmake_policy
[4.646s]   command to set the policy and suppress this warning.
[4.646s] 
[4.646s]   CMake variable PCL_ROOT is set to:
[4.647s] 
[4.647s]     /usr
[4.647s] 
[4.647s]   For compatibility, CMake is ignoring the variable.
[4.647s] This warning is for project developers.  Use -Wno-dev to suppress it.
[4.647s] [0m
[4.681s] -- GTSAM include directory:  /usr/local/lib/cmake/GTSAM/../../../include
[4.686s] -- Found OpenMP: TRUE (found version "4.5")  
[5.216s] -- Found ament_cmake_ros: 0.12.0 (/opt/ros/jazzy/share/ament_cmake_ros/cmake)
[5.626s] -- Using all available rosidl_typesupport_c: rosidl_typesupport_fastrtps_c;rosidl_typesupport_introspection_c
[6.103s] -- Using all available rosidl_typesupport_cpp: rosidl_typesupport_fastrtps_cpp;rosidl_typesupport_introspection_cpp
[6.105s] -- Found python_cmake_module: 0.11.1 (/opt/ros/jazzy/share/python_cmake_module/cmake)
[6.542s] -- Found Python3: /usr/bin/python3 (found version "3.12.3") found components: Interpreter Development NumPy Development.Module Development.Embed 
[7.024s] -- Found ament_lint_auto: 0.17.2 (/opt/ros/jazzy/share/ament_lint_auto/cmake)
[7.325s] -- Added test 'copyright' to check source files copyright and LICENSE
[7.336s] -- Added test 'cppcheck' to perform static code analysis on C / C++ code
[7.342s] -- Configured cppcheck include dirs: /home/ibrahim/lio_sam_ws/src/LIO-SAM/include/lio_sam
[7.342s] -- Configured cppcheck exclude dirs and/or files: 
[7.384s] -- Added test 'cpplint' to check C / C++ code against the Google style
[7.384s] -- Configured cpplint exclude dirs and/or files: 
[7.388s] -- Added test 'flake8' to check Python code syntax and style conventions
[7.388s] -- Configured 'flake8' exclude dirs and/or files: 
[7.399s] -- Added test 'lint_cmake' to check CMake code style
[7.400s] -- Added test 'pep257' to check Python code against some of the docstring style conventions in PEP 257
[7.417s] -- Added test 'uncrustify' to check C / C++ code style
[7.417s] -- Configured uncrustify additional arguments: 
[7.423s] -- Added test 'xmllint' to check XML markup files
[7.464s] -- Configuring done (7.4s)
[9.362s] -- Generating done (1.8s)
[9.404s] -- Build files have been written to: /home/ibrahim/lio_sam_ws/src/build/lio_sam
[9.444s] Invoked command in '/home/ibrahim/lio_sam_ws/src/build/lio_sam' returned '0': CMAKE_PREFIX_PATH=${CMAKE_PREFIX_PATH}:/opt/ros/jazzy DEBUGINFOD_URLS=https://debuginfod.ubuntu.com /usr/bin/cmake /home/ibrahim/lio_sam_ws/src/LIO-SAM -DCMAKE_BUILD_TYPE=Release -DAMENT_CMAKE_SYMLINK_INSTALL=1 -DCMAKE_INSTALL_PREFIX=/home/ibrahim/lio_sam_ws/src/install/lio_sam
[9.447s] Invoking command in '/home/ibrahim/lio_sam_ws/src/build/lio_sam': CMAKE_PREFIX_PATH=${CMAKE_PREFIX_PATH}:/opt/ros/jazzy DEBUGINFOD_URLS=https://debuginfod.ubuntu.com /usr/bin/cmake --build /home/ibrahim/lio_sam_ws/src/build/lio_sam -- -j4 -l4
[9.548s] [  1%] [34m[1mGenerating type hashes for ROS interfaces[0m
[9.562s] [  1%] Built target ament_cmake_python_symlink_lio_sam
[9.905s] running egg_info
[9.906s] creating lio_sam.egg-info
[9.940s] writing lio_sam.egg-info/PKG-INFO
[9.940s] writing dependency_links to lio_sam.egg-info/dependency_links.txt
[9.940s] writing top-level names to lio_sam.egg-info/top_level.txt
[9.940s] writing manifest file 'lio_sam.egg-info/SOURCES.txt'
[10.050s] [  1%] Built target lio_sam__rosidl_generator_type_description
[10.053s] reading manifest file 'lio_sam.egg-info/SOURCES.txt'
[10.053s] writing manifest file 'lio_sam.egg-info/SOURCES.txt'
[10.075s] [  3%] [34m[1mGenerating C code for ROS interfaces[0m
[10.110s] [  5%] [34m[1mGenerating C++ code for ROS interfaces[0m
[10.117s] [  5%] Built target ament_cmake_python_build_lio_sam_egg
[10.751s] [  5%] Built target lio_sam__cpp
[10.843s] [  7%] [32mBuilding C object CMakeFiles/lio_sam__rosidl_generator_c.dir/rosidl_generator_c/lio_sam/srv/detail/save_map__description.c.o[0m
[10.845s] [  9%] [32mBuilding C object CMakeFiles/lio_sam__rosidl_generator_c.dir/rosidl_generator_c/lio_sam/msg/detail/cloud_info__functions.c.o[0m
[10.849s] [ 11%] [32mBuilding C object CMakeFiles/lio_sam__rosidl_generator_c.dir/rosidl_generator_c/lio_sam/msg/detail/cloud_info__type_support.c.o[0m
[10.852s] [ 13%] [32mBuilding C object CMakeFiles/lio_sam__rosidl_generator_c.dir/rosidl_generator_c/lio_sam/msg/detail/cloud_info__description.c.o[0m
[11.005s] [ 15%] [32mBuilding C object CMakeFiles/lio_sam__rosidl_generator_c.dir/rosidl_generator_c/lio_sam/srv/detail/save_map__functions.c.o[0m
[11.024s] [ 17%] [32mBuilding C object CMakeFiles/lio_sam__rosidl_generator_c.dir/rosidl_generator_c/lio_sam/srv/detail/save_map__type_support.c.o[0m
[11.289s] [ 19%] [32m[1mLinking C shared library liblio_sam__rosidl_generator_c.so[0m
[11.379s] [ 19%] Built target lio_sam__rosidl_generator_c
[11.405s] [ 21%] [34m[1mGenerating C type support for eProsima Fast-RTPS[0m
[11.407s] [ 25%] [34m[1mGenerating C++ type support dispatch for ROS interfaces[0m
[11.407s] [ 25%] [34m[1mGenerating C introspection for ROS interfaces[0m
[11.407s] [ 26%] [34m[1mGenerating C type support dispatch for ROS interfaces[0m
[12.339s] [ 28%] [32mBuilding CXX object CMakeFiles/lio_sam__rosidl_typesupport_c.dir/rosidl_typesupport_c/lio_sam/msg/cloud_info__type_support.cpp.o[0m
[12.376s] [ 30%] [32mBuilding CXX object CMakeFiles/lio_sam__rosidl_typesupport_cpp.dir/rosidl_typesupport_cpp/lio_sam/msg/cloud_info__type_support.cpp.o[0m
[12.464s] [ 32%] [32mBuilding CXX object CMakeFiles/lio_sam__rosidl_typesupport_c.dir/rosidl_typesupport_c/lio_sam/srv/save_map__type_support.cpp.o[0m
[12.521s] [ 34%] [32mBuilding CXX object CMakeFiles/lio_sam__rosidl_typesupport_fastrtps_c.dir/rosidl_typesupport_fastrtps_c/lio_sam/msg/detail/cloud_info__type_support_c.cpp.o[0m
[12.575s] [ 36%] [32m[1mLinking CXX shared library liblio_sam__rosidl_typesupport_c.so[0m
[12.603s] [ 38%] [32mBuilding C object CMakeFiles/lio_sam__rosidl_typesupport_introspection_c.dir/rosidl_typesupport_introspection_c/lio_sam/msg/detail/cloud_info__type_support.c.o[0m
[12.690s] [ 38%] Built target lio_sam__rosidl_typesupport_c
[12.714s] [ 40%] [32mBuilding CXX object CMakeFiles/lio_sam__rosidl_typesupport_fastrtps_c.dir/rosidl_typesupport_fastrtps_c/lio_sam/srv/detail/save_map__type_support_c.cpp.o[0m
[12.786s] [ 42%] [32mBuilding C object CMakeFiles/lio_sam__rosidl_typesupport_introspection_c.dir/rosidl_typesupport_introspection_c/lio_sam/srv/detail/save_map__type_support.c.o[0m
[12.958s] [ 44%] [32m[1mLinking C shared library liblio_sam__rosidl_typesupport_introspection_c.so[0m
[13.068s] [ 44%] Built target lio_sam__rosidl_typesupport_introspection_c
[13.093s] [ 46%] [32mBuilding CXX object CMakeFiles/lio_sam__rosidl_typesupport_cpp.dir/rosidl_typesupport_cpp/lio_sam/srv/save_map__type_support.cpp.o[0m
[13.160s] [ 48%] [34m[1mGenerating C++ type support for eProsima Fast-RTPS[0m
[13.912s] [ 50%] [34m[1mGenerating C++ introspection for ROS interfaces[0m
[14.027s] [ 51%] [32m[1mLinking CXX shared library liblio_sam__rosidl_typesupport_cpp.so[0m
[14.242s] [ 53%] [32m[1mLinking CXX shared library liblio_sam__rosidl_typesupport_fastrtps_c.so[0m
[14.333s] [ 53%] Built target lio_sam__rosidl_typesupport_cpp
[14.354s] [ 55%] [32mBuilding CXX object CMakeFiles/lio_sam__rosidl_typesupport_fastrtps_cpp.dir/rosidl_typesupport_fastrtps_cpp/lio_sam/msg/detail/dds_fastrtps/cloud_info__type_support.cpp.o[0m
[14.400s] [ 57%] [32mBuilding CXX object CMakeFiles/lio_sam_featureExtraction.dir/src/featureExtraction.cpp.o[0m
[14.469s] [ 57%] Built target lio_sam__rosidl_typesupport_fastrtps_c
[14.492s] [ 59%] [32mBuilding CXX object CMakeFiles/lio_sam__rosidl_typesupport_fastrtps_cpp.dir/rosidl_typesupport_fastrtps_cpp/lio_sam/srv/detail/dds_fastrtps/save_map__type_support.cpp.o[0m
[14.736s] [ 61%] [32mBuilding CXX object CMakeFiles/lio_sam__rosidl_typesupport_introspection_cpp.dir/rosidl_typesupport_introspection_cpp/lio_sam/msg/detail/cloud_info__type_support.cpp.o[0m
[15.854s] [ 63%] [32mBuilding CXX object CMakeFiles/lio_sam__rosidl_typesupport_introspection_cpp.dir/rosidl_typesupport_introspection_cpp/lio_sam/srv/detail/save_map__type_support.cpp.o[0m
[15.932s] [ 65%] [32mBuilding CXX object CMakeFiles/lio_sam_imageProjection.dir/src/imageProjection.cpp.o[0m
[16.061s] [ 67%] [32m[1mLinking CXX shared library liblio_sam__rosidl_typesupport_fastrtps_cpp.so[0m
[16.337s] [ 67%] Built target lio_sam__rosidl_typesupport_fastrtps_cpp
[16.397s] [ 69%] [32mBuilding CXX object CMakeFiles/lio_sam_imuPreintegration.dir/src/imuPreintegration.cpp.o[0m
[16.804s] [ 71%] [32m[1mLinking CXX shared library liblio_sam__rosidl_typesupport_introspection_cpp.so[0m
[17.039s] [ 71%] Built target lio_sam__rosidl_typesupport_introspection_cpp
[17.088s] [ 73%] [32mBuilding CXX object CMakeFiles/lio_sam_mapOptimization.dir/src/mapOptmization.cpp.o[0m
[23.854s] In file included from [01m[K/home/ibrahim/lio_sam_ws/src/LIO-SAM/src/imuPreintegration.cpp:17[m[K:
[23.854s] [01m[K/usr/local/include/gtsam_unstable/nonlinear/IncrementalFixedLagSmoother.h:17:2:[m[K [01;35m[Kwarning: [m[K#warning "IncrementalFixedLagSmoother was moved to the gtsam/nonlinear directory" [[01;35m[K]8;;https://gcc.gnu.org/onlinedocs/gcc/Warning-Options.html#index-Wcpp-Wcpp]8;;[m[K]
[23.854s]    17 | #[01;35m[Kwarning[m[K "IncrementalFixedLagSmoother was moved to the gtsam/nonlinear directory"
[23.855s]       |  [01;35m[K^~~~~~~[m[K
[43.130s] gmake[2]: *** wait: No child processes.  Stop.
[43.130s] gmake[2]: *** Waiting for unfinished jobs....
[43.131s] gmake[2]: *** wait: No child processes.  Stop.
[43.135s] gmake[1]: *** [CMakeFiles/Makefile2:631: CMakeFiles/lio_sam_featureExtraction.dir/all] Error 2
[43.135s] gmake[2]: *** [CMakeFiles/lio_sam_mapOptimization.dir/build.make:76: CMakeFiles/lio_sam_mapOptimization.dir/src/mapOptmization.cpp.o] Interrupt
[43.136s] gmake[2]: *** wait: No child processes.  Stop.
[43.136s] gmake[2]: *** Waiting for unfinished jobs....
[43.136s] gmake[2]: *** wait: No child processes.  Stop.
[43.136s] gmake[2]: *** [CMakeFiles/lio_sam_imuPreintegration.dir/build.make:76: CMakeFiles/lio_sam_imuPreintegration.dir/src/imuPreintegration.cpp.o] Interrupt
[43.138s] gmake[1]: *** [CMakeFiles/Makefile2:659: CMakeFiles/lio_sam_imageProjection.dir/all] Error 2
[43.138s] gmake[1]: *** [CMakeFiles/Makefile2:687: CMakeFiles/lio_sam_imuPreintegration.dir/all] Interrupt
[43.138s] gmake[1]: *** [CMakeFiles/Makefile2:715: CMakeFiles/lio_sam_mapOptimization.dir/all] Interrupt
[43.139s] gmake: *** [Makefile:146: all] Interrupt
[43.420s] Invoked command in '/home/ibrahim/lio_sam_ws/src/build/lio_sam' returned '-2': CMAKE_PREFIX_PATH=${CMAKE_PREFIX_PATH}:/opt/ros/jazzy DEBUGINFOD_URLS=https://debuginfod.ubuntu.com /usr/bin/cmake --build /home/ibrahim/lio_sam_ws/src/build/lio_sam -- -j4 -l4
