[0.017s] Invoking command in '/home/ibrahim/lio_sam_ws/src/build/lio_sam': CMAKE_PREFIX_PATH=${CMAKE_PREFIX_PATH}:/opt/ros/jazzy DEBUGINFOD_URLS=https://debuginfod.ubuntu.com /usr/bin/cmake /home/ibrahim/lio_sam_ws/src/LIO-SAM -DCMAKE_BUILD_TYPE=Release -DAMENT_CMAKE_SYMLINK_INSTALL=1 -DCMAKE_INSTALL_PREFIX=/home/ibrahim/lio_sam_ws/src/install/lio_sam
[0.106s] -- The C compiler identification is GNU 13.3.0
[0.227s] -- The CXX compiler identification is GNU 13.3.0
[0.259s] -- Detecting C compiler ABI info
[0.433s] -- Detecting C compiler ABI info - done
[0.447s] -- Check for working C compiler: /usr/bin/cc - skipped
[0.448s] -- Detecting C compile features
[0.448s] -- Detecting C compile features - done
[0.464s] -- Detecting CXX compiler ABI info
[0.646s] -- Detecting CXX compiler ABI info - done
[0.684s] -- Check for working CXX compiler: /usr/bin/c++ - skipped
[0.685s] -- Detecting CXX compile features
[0.687s] -- Detecting CXX compile features - done
[0.696s] -- Found ament_cmake: 2.5.4 (/opt/ros/jazzy/share/ament_cmake/cmake)
[0.922s] -- Found Python3: /usr/bin/python3 (found version "3.12.3") found components: Interpreter 
[1.029s] -- Override CMake install command with custom implementation using symlinks instead of copying resources
[1.128s] -- Found rosidl_default_generators: 1.6.0 (/opt/ros/jazzy/share/rosidl_default_generators/cmake)
[1.142s] -- Using all available rosidl_typesupport_c: rosidl_typesupport_fastrtps_c;rosidl_typesupport_introspection_c
[1.248s] -- Using all available rosidl_typesupport_cpp: rosidl_typesupport_fastrtps_cpp;rosidl_typesupport_introspection_cpp
[1.338s] -- Found rosidl_adapter: 4.6.5 (/opt/ros/jazzy/share/rosidl_adapter/cmake)
[1.346s] -- Found rclcpp: 28.1.10 (/opt/ros/jazzy/share/rclcpp/cmake)
[1.497s] -- Found rmw_implementation_cmake: 7.3.2 (/opt/ros/jazzy/share/rmw_implementation_cmake/cmake)
[1.506s] -- Found rmw_fastrtps_cpp: 8.4.2 (/opt/ros/jazzy/share/rmw_fastrtps_cpp/cmake)
[1.679s] -- Found OpenSSL: /usr/lib/x86_64-linux-gnu/libcrypto.so (found version "3.0.13")  
[1.717s] -- Found FastRTPS: /opt/ros/jazzy/include (Required is at least version "2.13") 
[1.761s] -- Using RMW implementation 'rmw_fastrtps_cpp' as default
[1.895s] -- Found rclpy: 7.1.4 (/opt/ros/jazzy/share/rclpy/cmake)
[1.900s] -- Found cv_bridge: 4.1.0 (/opt/ros/jazzy/share/cv_bridge/cmake)
[2.033s] -- Found nav_msgs: 5.3.6 (/opt/ros/jazzy/share/nav_msgs/cmake)
[2.077s] -- Found visualization_msgs: 5.3.6 (/opt/ros/jazzy/share/visualization_msgs/cmake)
[2.139s] -- Found pcl_conversions: 2.6.2 (/opt/ros/jazzy/share/pcl_conversions/cmake)
[2.308s] [33mCMake Warning (dev) at /usr/lib/x86_64-linux-gnu/cmake/pcl/Modules/FindFLANN.cmake:45 (find_package):
[2.308s]   Policy CMP0144 is not set: find_package uses upper-case <PACKAGENAME>_ROOT
[2.308s]   variables.  Run "cmake --help-policy CMP0144" for policy details.  Use the
[2.308s]   cmake_policy command to set the policy and suppress this warning.
[2.308s] 
[2.308s]   CMake variable FLANN_ROOT is set to:
[2.308s] 
[2.309s]     /usr
[2.309s] 
[2.309s]   For compatibility, find_package is ignoring the variable, but code in a
[2.309s]   .cmake module might still use it.
[2.309s] Call Stack (most recent call first):
[2.309s]   /usr/lib/x86_64-linux-gnu/cmake/pcl/PCLConfig.cmake:261 (find_package)
[2.309s]   /usr/lib/x86_64-linux-gnu/cmake/pcl/PCLConfig.cmake:306 (find_flann)
[2.310s]   /usr/lib/x86_64-linux-gnu/cmake/pcl/PCLConfig.cmake:570 (find_external_library)
[2.310s]   /opt/ros/jazzy/share/pcl_conversions/cmake/ament_cmake_export_dependencies-extras.cmake:21 (find_package)
[2.310s]   /opt/ros/jazzy/share/pcl_conversions/cmake/pcl_conversionsConfig.cmake:41 (include)
[2.310s]   CMakeLists.txt:20 (find_package)
[2.310s] This warning is for project developers.  Use -Wno-dev to suppress it.
[2.310s] [0m
[2.310s] -- Found flann version 1.9.2
[2.946s] -- Found OpenMP_CXX: -fopenmp (found version "4.5") 
[2.946s] -- Found OpenMP: TRUE (found version "4.5") found components: CXX 
[5.438s] -- Checking for module 'libusb-1.0'
[5.470s] --   Found libusb-1.0, version 1.0.27
[5.541s] -- Found libusb: /usr/lib/x86_64-linux-gnu/libusb-1.0.so  
[5.542s] -- OpenNI found (version: 1.5.4.0, include: /usr/include/ni, lib: /usr/lib/libOpenNI.so;libusb::libusb)
[5.702s] -- OpenNI2 found (version: 2.2.0.33, include: /usr/include/openni2, lib: /usr/lib/x86_64-linux-gnu/libOpenNI2.so;libusb::libusb)
[5.708s] -- Could NOT find Pcap (missing: PCAP_LIBRARIES PCAP_INCLUDE_DIRS) 
[5.730s] -- Found ZLIB: /usr/lib/x86_64-linux-gnu/libz.so (found version "1.3")  
[5.759s] -- Found PNG: /usr/lib/x86_64-linux-gnu/libpng.so (found version "1.6.43") 
[6.505s] -- OpenNI found (version: 1.5.4.0, include: /usr/include/ni, lib: /usr/lib/libOpenNI.so;libusb::libusb)
[6.518s] -- OpenNI2 found (version: 2.2.0.33, include: /usr/include/openni2, lib: /usr/lib/x86_64-linux-gnu/libOpenNI2.so;libusb::libusb)
[7.182s] -- Found Qhull version 8.0.2
[7.886s] -- OpenNI found (version: 1.5.4.0, include: /usr/include/ni, lib: /usr/lib/libOpenNI.so;libusb::libusb)
[8.560s] -- Found PCL_COMMON: /usr/lib/x86_64-linux-gnu/libpcl_common.so  
[8.563s] -- Found PCL_KDTREE: /usr/lib/x86_64-linux-gnu/libpcl_kdtree.so  
[8.564s] -- Found PCL_OCTREE: /usr/lib/x86_64-linux-gnu/libpcl_octree.so  
[8.566s] -- Found PCL_SEARCH: /usr/lib/x86_64-linux-gnu/libpcl_search.so  
[8.568s] -- Found PCL_SAMPLE_CONSENSUS: /usr/lib/x86_64-linux-gnu/libpcl_sample_consensus.so  
[8.569s] -- Found PCL_FILTERS: /usr/lib/x86_64-linux-gnu/libpcl_filters.so  
[8.570s] -- Found PCL_2D: /usr/include/pcl-1.14  
[8.570s] -- Found PCL_GEOMETRY: /usr/include/pcl-1.14  
[8.572s] -- Found PCL_IO: /usr/lib/x86_64-linux-gnu/libpcl_io.so  
[8.574s] -- Found PCL_FEATURES: /usr/lib/x86_64-linux-gnu/libpcl_features.so  
[8.576s] -- Found PCL_ML: /usr/lib/x86_64-linux-gnu/libpcl_ml.so  
[8.577s] -- Found PCL_SEGMENTATION: /usr/lib/x86_64-linux-gnu/libpcl_segmentation.so  
[8.579s] -- Found PCL_VISUALIZATION: /usr/lib/x86_64-linux-gnu/libpcl_visualization.so  
[8.581s] -- Found PCL_SURFACE: /usr/lib/x86_64-linux-gnu/libpcl_surface.so  
[8.583s] -- Found PCL_REGISTRATION: /usr/lib/x86_64-linux-gnu/libpcl_registration.so  
[8.584s] -- Found PCL_KEYPOINTS: /usr/lib/x86_64-linux-gnu/libpcl_keypoints.so  
[8.586s] -- Found PCL_TRACKING: /usr/lib/x86_64-linux-gnu/libpcl_tracking.so  
[8.588s] -- Found PCL_RECOGNITION: /usr/lib/x86_64-linux-gnu/libpcl_recognition.so  
[8.590s] -- Found PCL_STEREO: /usr/lib/x86_64-linux-gnu/libpcl_stereo.so  
[8.591s] -- Found PCL_APPS: /usr/lib/x86_64-linux-gnu/libpcl_apps.so  
[8.593s] -- Found PCL_IN_HAND_SCANNER: /usr/include/pcl-1.14  
[8.593s] -- Found PCL_MODELER: /usr/include/pcl-1.14  
[8.594s] -- Found PCL_POINT_CLOUD_EDITOR: /usr/include/pcl-1.14  
[8.596s] -- Found PCL_OUTOFCORE: /usr/lib/x86_64-linux-gnu/libpcl_outofcore.so  
[8.598s] -- Found PCL_PEOPLE: /usr/lib/x86_64-linux-gnu/libpcl_people.so  
[8.608s] -- Found tf2: 0.36.12 (/opt/ros/jazzy/share/tf2/cmake)
[8.619s] -- Found tf2_geometry_msgs: 0.36.12 (/opt/ros/jazzy/share/tf2_geometry_msgs/cmake)
[8.643s] -- Found eigen3_cmake_module: 0.3.0 (/opt/ros/jazzy/share/eigen3_cmake_module/cmake)
[8.645s] -- Found Eigen3: TRUE (found version "3.4.0") 
[8.645s] -- Ensuring Eigen3 include directory is part of orocos-kdl CMake target
[8.856s] -- Found tf2_sensor_msgs: 0.36.12 (/opt/ros/jazzy/share/tf2_sensor_msgs/cmake)
[8.867s] -- Found tf2_eigen: 0.36.12 (/opt/ros/jazzy/share/tf2_eigen/cmake)
[8.877s] -- Found OpenCV: /usr (found version "4.6.0") 
[8.878s] [33mCMake Warning (dev) at CMakeLists.txt:29 (find_package):
[8.878s]   Policy CMP0074 is not set: find_package uses <PackageName>_ROOT variables.
[8.878s]   Run "cmake --help-policy CMP0074" for policy details.  Use the cmake_policy
[8.878s]   command to set the policy and suppress this warning.
[8.878s] 
[8.879s]   CMake variable PCL_ROOT is set to:
[8.879s] 
[8.879s]     /usr
[8.879s] 
[8.879s]   For compatibility, CMake is ignoring the variable.
[8.880s] This warning is for project developers.  Use -Wno-dev to suppress it.
[8.880s] [0m
[8.949s] -- Found Boost: /usr/lib/x86_64-linux-gnu/cmake/Boost-1.83.0/BoostConfig.cmake (found suitable version "1.83.0", minimum required is "1.65") found components: serialization system filesystem thread program_options date_time timer chrono regex 
[8.953s] -- GTSAM include directory:  /usr/local/lib/cmake/GTSAM/../../../include
[9.121s] -- Found OpenMP_C: -fopenmp (found version "4.5") 
[9.122s] -- Found OpenMP: TRUE (found version "4.5")  
[10.304s] -- Found ament_cmake_ros: 0.12.0 (/opt/ros/jazzy/share/ament_cmake_ros/cmake)
[11.253s] -- Using all available rosidl_typesupport_c: rosidl_typesupport_fastrtps_c;rosidl_typesupport_introspection_c
[14.000s] -- Using all available rosidl_typesupport_cpp: rosidl_typesupport_fastrtps_cpp;rosidl_typesupport_introspection_cpp
[14.042s] -- Found python_cmake_module: 0.11.1 (/opt/ros/jazzy/share/python_cmake_module/cmake)
[14.286s] -- Found PythonExtra: /usr/bin/python3  
[16.062s] -- Found Python3: /usr/bin/python3 (found version "3.12.3") found components: Interpreter Development NumPy Development.Module Development.Embed 
[16.345s] [31mCMake Error at /opt/ros/jazzy/share/ament_cmake_target_dependencies/cmake/ament_target_dependencies.cmake:77 (message):
[16.345s]   ament_target_dependencies() the passed package name 'Eigen' was not found
[16.345s]   before
[16.345s] Call Stack (most recent call first):
[16.345s]   CMakeLists.txt:54 (ament_target_dependencies)
[16.346s] 
[16.346s] [0m
[16.346s] -- Configuring incomplete, errors occurred!
[16.387s] Invoked command in '/home/ibrahim/lio_sam_ws/src/build/lio_sam' returned '1': CMAKE_PREFIX_PATH=${CMAKE_PREFIX_PATH}:/opt/ros/jazzy DEBUGINFOD_URLS=https://debuginfod.ubuntu.com /usr/bin/cmake /home/ibrahim/lio_sam_ws/src/LIO-SAM -DCMAKE_BUILD_TYPE=Release -DAMENT_CMAKE_SYMLINK_INSTALL=1 -DCMAKE_INSTALL_PREFIX=/home/ibrahim/lio_sam_ws/src/install/lio_sam
