[0.136s] DEBUG:colcon:Command line arguments: ['/usr/bin/colcon', 'build', '--symlink-install', '--cmake-args', '-DCMAKE_BUILD_TYPE=Release']
[0.136s] DEBUG:colcon:Parsed command line arguments: Namespace(log_base=None, log_level=None, verb_name='build', build_base='build', install_base='install', merge_install=False, symlink_install=True, test_result_base=None, continue_on_error=False, executor='parallel', parallel_workers=4, event_handlers=None, ignore_user_meta=False, metas=['./colcon.meta'], base_paths=['.'], packages_ignore=None, packages_ignore_regex=None, paths=None, packages_up_to=None, packages_up_to_regex=None, packages_above=None, packages_above_and_dependencies=None, packages_above_depth=None, packages_select_by_dep=None, packages_skip_by_dep=None, packages_skip_up_to=None, packages_select_build_failed=False, packages_skip_build_finished=False, packages_select_test_failures=False, packages_skip_test_passed=False, packages_select=None, packages_skip=None, packages_select_regex=None, packages_skip_regex=None, packages_start=None, packages_end=None, cmake_args=['-DCMAKE_BUILD_TYPE=Release'], cmake_target=None, cmake_target_skip_unavailable=False, cmake_clean_cache=False, cmake_clean_first=False, cmake_force_configure=False, ament_cmake_args=None, catkin_cmake_args=None, catkin_skip_building_tests=False, verb_parser=<colcon_defaults.argument_parser.defaults.DefaultArgumentsDecorator object at 0x7782f6719ca0>, verb_extension=<colcon_core.verb.build.BuildVerb object at 0x7782f684a420>, main=<bound method BuildVerb.main of <colcon_core.verb.build.BuildVerb object at 0x7782f684a420>>)
[0.187s] Level 1:colcon.colcon_core.package_discovery:discover_packages(colcon_meta) check parameters
[0.187s] Level 1:colcon.colcon_core.package_discovery:discover_packages(recursive) check parameters
[0.187s] Level 1:colcon.colcon_core.package_discovery:discover_packages(ignore) check parameters
[0.187s] Level 1:colcon.colcon_core.package_discovery:discover_packages(path) check parameters
[0.187s] Level 1:colcon.colcon_core.package_discovery:discover_packages(colcon_meta) discover
[0.188s] Level 1:colcon.colcon_core.package_discovery:discover_packages(recursive) discover
[0.188s] INFO:colcon.colcon_core.package_discovery:Crawling recursively for packages in '/home/ibrahim/lio_sam_ws/src'
[0.188s] Level 1:colcon.colcon_core.package_identification:_identify(.) by extensions ['ignore', 'ignore_ament_install']
[0.188s] Level 1:colcon.colcon_core.package_identification:_identify(.) by extension 'ignore'
[0.188s] Level 1:colcon.colcon_core.package_identification:_identify(.) by extension 'ignore_ament_install'
[0.188s] Level 1:colcon.colcon_core.package_identification:_identify(.) by extensions ['colcon_pkg']
[0.188s] Level 1:colcon.colcon_core.package_identification:_identify(.) by extension 'colcon_pkg'
[0.188s] Level 1:colcon.colcon_core.package_identification:_identify(.) by extensions ['colcon_meta']
[0.188s] Level 1:colcon.colcon_core.package_identification:_identify(.) by extension 'colcon_meta'
[0.188s] Level 1:colcon.colcon_core.package_identification:_identify(.) by extensions ['ros']
[0.188s] Level 1:colcon.colcon_core.package_identification:_identify(.) by extension 'ros'
[0.221s] Level 1:colcon.colcon_core.package_identification:_identify(.) by extensions ['cmake', 'python']
[0.221s] Level 1:colcon.colcon_core.package_identification:_identify(.) by extension 'cmake'
[0.221s] Level 1:colcon.colcon_core.package_identification:_identify(.) by extension 'python'
[0.221s] Level 1:colcon.colcon_core.package_identification:_identify(.) by extensions ['python_setup_py']
[0.221s] Level 1:colcon.colcon_core.package_identification:_identify(.) by extension 'python_setup_py'
[0.222s] Level 1:colcon.colcon_core.package_identification:_identify(LIO-SAM) by extensions ['ignore', 'ignore_ament_install']
[0.222s] Level 1:colcon.colcon_core.package_identification:_identify(LIO-SAM) by extension 'ignore'
[0.222s] Level 1:colcon.colcon_core.package_identification:_identify(LIO-SAM) by extension 'ignore_ament_install'
[0.222s] Level 1:colcon.colcon_core.package_identification:_identify(LIO-SAM) by extensions ['colcon_pkg']
[0.222s] Level 1:colcon.colcon_core.package_identification:_identify(LIO-SAM) by extension 'colcon_pkg'
[0.222s] Level 1:colcon.colcon_core.package_identification:_identify(LIO-SAM) by extensions ['colcon_meta']
[0.222s] Level 1:colcon.colcon_core.package_identification:_identify(LIO-SAM) by extension 'colcon_meta'
[0.222s] Level 1:colcon.colcon_core.package_identification:_identify(LIO-SAM) by extensions ['ros']
[0.222s] Level 1:colcon.colcon_core.package_identification:_identify(LIO-SAM) by extension 'ros'
[0.227s] DEBUG:colcon.colcon_core.package_identification:Package 'LIO-SAM' with type 'ros.ament_cmake' and name 'lio_sam'
[0.227s] Level 1:colcon.colcon_core.package_identification:_identify(build) by extensions ['ignore', 'ignore_ament_install']
[0.227s] Level 1:colcon.colcon_core.package_identification:_identify(build) by extension 'ignore'
[0.227s] Level 1:colcon.colcon_core.package_identification:_identify(build) ignored
[0.227s] Level 1:colcon.colcon_core.package_identification:_identify(install) by extensions ['ignore', 'ignore_ament_install']
[0.227s] Level 1:colcon.colcon_core.package_identification:_identify(install) by extension 'ignore'
[0.227s] Level 1:colcon.colcon_core.package_identification:_identify(install) ignored
[0.228s] Level 1:colcon.colcon_core.package_identification:_identify(log) by extensions ['ignore', 'ignore_ament_install']
[0.228s] Level 1:colcon.colcon_core.package_identification:_identify(log) by extension 'ignore'
[0.228s] Level 1:colcon.colcon_core.package_identification:_identify(log) ignored
[0.228s] Level 1:colcon.colcon_core.package_discovery:discover_packages(recursive) using defaults
[0.228s] Level 1:colcon.colcon_core.package_discovery:discover_packages(ignore) discover
[0.228s] Level 1:colcon.colcon_core.package_discovery:discover_packages(ignore) using defaults
[0.228s] Level 1:colcon.colcon_core.package_discovery:discover_packages(path) discover
[0.228s] Level 1:colcon.colcon_core.package_discovery:discover_packages(path) using defaults
[0.249s] Level 5:colcon.colcon_core.verb:set package 'lio_sam' build argument 'cmake_args' from command line to '['-DCMAKE_BUILD_TYPE=Release']'
[0.249s] Level 5:colcon.colcon_core.verb:set package 'lio_sam' build argument 'cmake_target' from command line to 'None'
[0.249s] Level 5:colcon.colcon_core.verb:set package 'lio_sam' build argument 'cmake_target_skip_unavailable' from command line to 'False'
[0.249s] Level 5:colcon.colcon_core.verb:set package 'lio_sam' build argument 'cmake_clean_cache' from command line to 'False'
[0.249s] Level 5:colcon.colcon_core.verb:set package 'lio_sam' build argument 'cmake_clean_first' from command line to 'False'
[0.249s] Level 5:colcon.colcon_core.verb:set package 'lio_sam' build argument 'cmake_force_configure' from command line to 'False'
[0.249s] Level 5:colcon.colcon_core.verb:set package 'lio_sam' build argument 'ament_cmake_args' from command line to 'None'
[0.249s] Level 5:colcon.colcon_core.verb:set package 'lio_sam' build argument 'catkin_cmake_args' from command line to 'None'
[0.249s] Level 5:colcon.colcon_core.verb:set package 'lio_sam' build argument 'catkin_skip_building_tests' from command line to 'False'
[0.249s] DEBUG:colcon.colcon_core.verb:Building package 'lio_sam' with the following arguments: {'ament_cmake_args': None, 'build_base': '/home/ibrahim/lio_sam_ws/src/build/lio_sam', 'catkin_cmake_args': None, 'catkin_skip_building_tests': False, 'cmake_args': ['-DCMAKE_BUILD_TYPE=Release'], 'cmake_clean_cache': False, 'cmake_clean_first': False, 'cmake_force_configure': False, 'cmake_target': None, 'cmake_target_skip_unavailable': False, 'install_base': '/home/ibrahim/lio_sam_ws/src/install/lio_sam', 'merge_install': False, 'path': '/home/ibrahim/lio_sam_ws/src/LIO-SAM', 'symlink_install': True, 'test_result_base': None}
[0.249s] INFO:colcon.colcon_core.executor:Executing jobs using 'parallel' executor
[0.251s] DEBUG:colcon.colcon_parallel_executor.executor.parallel:run_until_complete
[0.251s] INFO:colcon.colcon_ros.task.ament_cmake.build:Building ROS package in '/home/ibrahim/lio_sam_ws/src/LIO-SAM' with build type 'ament_cmake'
[0.251s] INFO:colcon.colcon_cmake.task.cmake.build:Building CMake package in '/home/ibrahim/lio_sam_ws/src/LIO-SAM'
[0.254s] INFO:colcon.colcon_core.plugin_system:Skipping extension 'colcon_core.shell.bat': Not used on non-Windows systems
[0.255s] DEBUG:colcon.colcon_core.shell:Skip shell extension 'dsv' for command environment
[0.272s] DEBUG:colcon.colcon_core.event_handler.log_command:Invoking command in '/home/ibrahim/lio_sam_ws/src/build/lio_sam': CMAKE_PREFIX_PATH=${CMAKE_PREFIX_PATH}:/opt/ros/jazzy DEBUGINFOD_URLS=https://debuginfod.ubuntu.com /usr/bin/cmake --build /home/ibrahim/lio_sam_ws/src/build/lio_sam -- -j4 -l4
[84.645s] DEBUG:colcon.colcon_core.event_handler.log_command:Invoked command in '/home/ibrahim/lio_sam_ws/src/build/lio_sam' returned '0': CMAKE_PREFIX_PATH=${CMAKE_PREFIX_PATH}:/opt/ros/jazzy DEBUGINFOD_URLS=https://debuginfod.ubuntu.com /usr/bin/cmake --build /home/ibrahim/lio_sam_ws/src/build/lio_sam -- -j4 -l4
[84.664s] DEBUG:colcon.colcon_core.event_handler.log_command:Invoking command in '/home/ibrahim/lio_sam_ws/src/build/lio_sam': CMAKE_PREFIX_PATH=${CMAKE_PREFIX_PATH}:/opt/ros/jazzy DEBUGINFOD_URLS=https://debuginfod.ubuntu.com /usr/bin/cmake --install /home/ibrahim/lio_sam_ws/src/build/lio_sam
[86.737s] Level 1:colcon.colcon_core.environment:create_environment_scripts_only(lio_sam)
[86.738s] DEBUG:colcon.colcon_core.event_handler.log_command:Invoked command in '/home/ibrahim/lio_sam_ws/src/build/lio_sam' returned '0': CMAKE_PREFIX_PATH=${CMAKE_PREFIX_PATH}:/opt/ros/jazzy DEBUGINFOD_URLS=https://debuginfod.ubuntu.com /usr/bin/cmake --install /home/ibrahim/lio_sam_ws/src/build/lio_sam
[86.744s] Level 1:colcon.colcon_core.environment:checking '/home/ibrahim/lio_sam_ws/src/install/lio_sam' for CMake module files
[86.747s] Level 1:colcon.colcon_core.environment:checking '/home/ibrahim/lio_sam_ws/src/install/lio_sam' for CMake config files
[86.748s] Level 1:colcon.colcon_core.shell:create_environment_hook('lio_sam', 'cmake_prefix_path')
[86.749s] INFO:colcon.colcon_core.shell:Creating environment descriptor '/home/ibrahim/lio_sam_ws/src/install/lio_sam/share/lio_sam/hook/cmake_prefix_path.dsv'
[86.783s] INFO:colcon.colcon_core.shell:Creating environment hook '/home/ibrahim/lio_sam_ws/src/install/lio_sam/share/lio_sam/hook/cmake_prefix_path.sh'
[86.786s] Level 1:colcon.colcon_core.environment:checking '/home/ibrahim/lio_sam_ws/src/install/lio_sam/lib'
[86.786s] Level 1:colcon.colcon_core.shell:create_environment_hook('lio_sam', 'ld_library_path_lib')
[86.786s] INFO:colcon.colcon_core.shell:Creating environment descriptor '/home/ibrahim/lio_sam_ws/src/install/lio_sam/share/lio_sam/hook/ld_library_path_lib.dsv'
[86.787s] INFO:colcon.colcon_core.shell:Creating environment hook '/home/ibrahim/lio_sam_ws/src/install/lio_sam/share/lio_sam/hook/ld_library_path_lib.sh'
[86.788s] Level 1:colcon.colcon_core.environment:checking '/home/ibrahim/lio_sam_ws/src/install/lio_sam/bin'
[86.789s] Level 1:colcon.colcon_core.environment:checking '/home/ibrahim/lio_sam_ws/src/install/lio_sam/lib/pkgconfig/lio_sam.pc'
[86.794s] Level 1:colcon.colcon_core.environment:checking '/home/ibrahim/lio_sam_ws/src/install/lio_sam/lib/python3.12/site-packages'
[86.794s] Level 1:colcon.colcon_core.shell:create_environment_hook('lio_sam', 'pythonpath')
[86.794s] INFO:colcon.colcon_core.shell:Creating environment descriptor '/home/ibrahim/lio_sam_ws/src/install/lio_sam/share/lio_sam/hook/pythonpath.dsv'
[86.795s] INFO:colcon.colcon_core.shell:Creating environment hook '/home/ibrahim/lio_sam_ws/src/install/lio_sam/share/lio_sam/hook/pythonpath.sh'
[86.796s] Level 1:colcon.colcon_core.environment:checking '/home/ibrahim/lio_sam_ws/src/install/lio_sam/bin'
[86.796s] INFO:colcon.colcon_core.shell:Creating package descriptor '/home/ibrahim/lio_sam_ws/src/install/lio_sam/share/lio_sam/package.dsv'
[86.796s] INFO:colcon.colcon_core.shell:Creating package script '/home/ibrahim/lio_sam_ws/src/install/lio_sam/share/lio_sam/package.sh'
[86.798s] INFO:colcon.colcon_core.shell:Creating package script '/home/ibrahim/lio_sam_ws/src/install/lio_sam/share/lio_sam/package.bash'
[86.800s] INFO:colcon.colcon_core.shell:Creating package script '/home/ibrahim/lio_sam_ws/src/install/lio_sam/share/lio_sam/package.zsh'
[86.801s] Level 1:colcon.colcon_core.environment:create_file_with_runtime_dependencies(/home/ibrahim/lio_sam_ws/src/install/lio_sam/share/colcon-core/packages/lio_sam)
[86.803s] Level 1:colcon.colcon_core.environment:create_environment_scripts_only(lio_sam)
[86.803s] Level 1:colcon.colcon_core.environment:checking '/home/ibrahim/lio_sam_ws/src/install/lio_sam' for CMake module files
[86.805s] Level 1:colcon.colcon_core.environment:checking '/home/ibrahim/lio_sam_ws/src/install/lio_sam' for CMake config files
[86.807s] Level 1:colcon.colcon_core.shell:create_environment_hook('lio_sam', 'cmake_prefix_path')
[86.807s] INFO:colcon.colcon_core.shell:Creating environment descriptor '/home/ibrahim/lio_sam_ws/src/install/lio_sam/share/lio_sam/hook/cmake_prefix_path.dsv'
[86.808s] INFO:colcon.colcon_core.shell:Creating environment hook '/home/ibrahim/lio_sam_ws/src/install/lio_sam/share/lio_sam/hook/cmake_prefix_path.sh'
[86.809s] Level 1:colcon.colcon_core.environment:checking '/home/ibrahim/lio_sam_ws/src/install/lio_sam/lib'
[86.810s] Level 1:colcon.colcon_core.shell:create_environment_hook('lio_sam', 'ld_library_path_lib')
[86.810s] INFO:colcon.colcon_core.shell:Creating environment descriptor '/home/ibrahim/lio_sam_ws/src/install/lio_sam/share/lio_sam/hook/ld_library_path_lib.dsv'
[86.811s] INFO:colcon.colcon_core.shell:Creating environment hook '/home/ibrahim/lio_sam_ws/src/install/lio_sam/share/lio_sam/hook/ld_library_path_lib.sh'
[86.812s] Level 1:colcon.colcon_core.environment:checking '/home/ibrahim/lio_sam_ws/src/install/lio_sam/bin'
[86.812s] Level 1:colcon.colcon_core.environment:checking '/home/ibrahim/lio_sam_ws/src/install/lio_sam/lib/pkgconfig/lio_sam.pc'
[86.813s] Level 1:colcon.colcon_core.environment:checking '/home/ibrahim/lio_sam_ws/src/install/lio_sam/lib/python3.12/site-packages'
[86.813s] Level 1:colcon.colcon_core.shell:create_environment_hook('lio_sam', 'pythonpath')
[86.814s] INFO:colcon.colcon_core.shell:Creating environment descriptor '/home/ibrahim/lio_sam_ws/src/install/lio_sam/share/lio_sam/hook/pythonpath.dsv'
[86.815s] INFO:colcon.colcon_core.shell:Creating environment hook '/home/ibrahim/lio_sam_ws/src/install/lio_sam/share/lio_sam/hook/pythonpath.sh'
[86.817s] Level 1:colcon.colcon_core.environment:checking '/home/ibrahim/lio_sam_ws/src/install/lio_sam/bin'
[86.818s] INFO:colcon.colcon_core.shell:Creating package descriptor '/home/ibrahim/lio_sam_ws/src/install/lio_sam/share/lio_sam/package.dsv'
[86.820s] INFO:colcon.colcon_core.shell:Creating package script '/home/ibrahim/lio_sam_ws/src/install/lio_sam/share/lio_sam/package.sh'
[86.821s] INFO:colcon.colcon_core.shell:Creating package script '/home/ibrahim/lio_sam_ws/src/install/lio_sam/share/lio_sam/package.bash'
[86.822s] INFO:colcon.colcon_core.shell:Creating package script '/home/ibrahim/lio_sam_ws/src/install/lio_sam/share/lio_sam/package.zsh'
[86.823s] Level 1:colcon.colcon_core.environment:create_file_with_runtime_dependencies(/home/ibrahim/lio_sam_ws/src/install/lio_sam/share/colcon-core/packages/lio_sam)
[86.824s] DEBUG:colcon.colcon_parallel_executor.executor.parallel:closing loop
[86.825s] DEBUG:colcon.colcon_parallel_executor.executor.parallel:loop closed
[86.825s] DEBUG:colcon.colcon_parallel_executor.executor.parallel:run_until_complete finished with '0'
[86.825s] DEBUG:colcon.colcon_core.event_reactor:joining thread
[86.846s] INFO:colcon.colcon_core.plugin_system:Skipping extension 'colcon_notification.desktop_notification.terminal_notifier': Not used on non-Darwin systems
[86.846s] INFO:colcon.colcon_core.plugin_system:Skipping extension 'colcon_notification.desktop_notification.win32': Not used on non-Windows systems
[86.846s] INFO:colcon.colcon_notification.desktop_notification:Sending desktop notification using 'notify2'
[86.878s] DEBUG:colcon.colcon_core.event_reactor:joined thread
[86.879s] INFO:colcon.colcon_core.shell:Creating prefix script '/home/ibrahim/lio_sam_ws/src/install/local_setup.sh'
[86.880s] INFO:colcon.colcon_core.shell:Creating prefix util module '/home/ibrahim/lio_sam_ws/src/install/_local_setup_util_sh.py'
[86.883s] INFO:colcon.colcon_core.shell:Creating prefix chain script '/home/ibrahim/lio_sam_ws/src/install/setup.sh'
[86.885s] INFO:colcon.colcon_core.shell:Creating prefix script '/home/ibrahim/lio_sam_ws/src/install/local_setup.bash'
[86.887s] INFO:colcon.colcon_core.shell:Creating prefix chain script '/home/ibrahim/lio_sam_ws/src/install/setup.bash'
[86.888s] INFO:colcon.colcon_core.shell:Creating prefix script '/home/ibrahim/lio_sam_ws/src/install/local_setup.zsh'
[86.889s] INFO:colcon.colcon_core.shell:Creating prefix chain script '/home/ibrahim/lio_sam_ws/src/install/setup.zsh'
